<?xml version="1.0" encoding="UTF-8"?>
<!-- Generated by org.testng.reporters.JUnitXMLReporter -->
<testsuite ignored="1" hostname="LAPTOP-MTO5U5N3" failures="0" tests="1" name="Default test" time="18.751" errors="0" timestamp="19 May 2020 16:12:02 GMT">
  <testcase classname="com.zoopla.testcases.PropertiesPageTest" name="printPriceInReverseOrderTest" time="2.754"/>
  <testcase classname="com.zoopla.testcases.PropertiesPageTest" name="printPropertiesPriceTest" time="0.0">
    <ignored/>
  </testcase> <!-- printPropertiesPriceTest -->
</testsuite> <!-- Default test -->
