<?xml version="1.0" encoding="UTF-8"?>
<testng-results ignored="1" total="2" passed="1" failed="0" skipped="0">
  <reporter-output>
  </reporter-output>
  <suite started-at="2020-05-19T16:11:43Z" name="Default suite" finished-at="2020-05-19T16:12:02Z" duration-ms="18751">
    <groups>
    </groups>
    <test started-at="2020-05-19T16:11:43Z" name="Default test" finished-at="2020-05-19T16:12:02Z" duration-ms="18751">
      <class name="com.zoopla.testcases.PropertiesPageTest">
        <test-method is-config="true" signature="setUp()[pri:0, instance:com.zoopla.testcases.PropertiesPageTest@7494f96a]" started-at="2020-05-20T02:11:43Z" name="setUp" finished-at="2020-05-20T02:11:59Z" duration-ms="15979" status="PASS">
          <reporter-output>
          </reporter-output>
        </test-method> <!-- setUp -->
        <test-method signature="printPriceInReverseOrderTest()[pri:1, instance:com.zoopla.testcases.PropertiesPageTest@7494f96a]" started-at="2020-05-20T02:11:59Z" name="printPriceInReverseOrderTest" finished-at="2020-05-20T02:12:02Z" duration-ms="2754" status="PASS">
          <reporter-output>
          </reporter-output>
        </test-method> <!-- printPriceInReverseOrderTest -->
        <test-method is-config="true" signature="tearDown()[pri:0, instance:com.zoopla.testcases.PropertiesPageTest@7494f96a]" started-at="2020-05-20T02:12:02Z" name="tearDown" finished-at="2020-05-20T02:12:02Z" duration-ms="0" status="PASS">
          <reporter-output>
          </reporter-output>
        </test-method> <!-- tearDown -->
      </class> <!-- com.zoopla.testcases.PropertiesPageTest -->
    </test> <!-- Default test -->
  </suite> <!-- Default suite -->
</testng-results>
